FILE_TYPE=LIBRARY_PARTS;
PRIMITIVE 'CMM_3729AT_42316_TR','CMM_3729AT_42316_TR_Other';
  PIN
    'VDD':
      PIN_NUMBER='(1)';
      NO_LOAD_CHECK=BOTH;
      NO_IO_CHECK=BOTH;
      ALLOW_CONNECT=TRUE;
      PINUSE='UNSPEC';
    'GND_1':
      PIN_NUMBER='(2)';
      NO_LOAD_CHECK=BOTH;
      NO_IO_CHECK=BOTH;
      ALLOW_CONNECT=TRUE;
      PINUSE='UNSPEC';
    'GND_2':
      PIN_NUMBER='(3)';
      NO_LOAD_CHECK=BOTH;
      NO_IO_CHECK=BOTH;
      ALLOW_CONNECT=TRUE;
      PINUSE='UNSPEC';
    'OUTPUT':
      PIN_NUMBER='(4)';
      NO_LOAD_CHECK=BOTH;
      NO_IO_CHECK=BOTH;
      ALLOW_CONNECT=TRUE;
      PINUSE='UNSPEC';
  END_PIN;
  BODY
    PART_NAME='CMM_3729AT_42316_TR';
    PHYS_DES_PREFIX='MK';
    NO_LOAD_CHECK='TRUE';
    PIN_COUNT='4';
    BODY_NAME='CMM_3729AT_42316_TR';
    JEDEC_TYPE='CMM3729AT42316TR';
  END_BODY;
END_PRIMITIVE;
END.
